<!DOCTYPE html>
<html>
<head>
    <title>Unit Test Report</title>
    <meta name="generator" content="HTMLTestRunner 1.1.2"/>
    <meta http-equiv="Content-Type" content="text/html; charset=UTF-8"/>
    <link rel="stylesheet" href="stylesheet.css">
    <script src="script.js"></script>
    <style>
        
    </style>
    <script>
        
    </script>
</head>
<body>
<div class='heading'>
    <h1 style="margin-left:1ex;">Unit Test Report</h1>
    
    <p class='attribute'><strong>Start Time : </strong> 2025-06-27 15:52:06</p>
    
    <p class='attribute'><strong>Duration : </strong> 0:03:21.954140</p>
    
    <p class='attribute'><strong>Status : </strong> Pass 9 Failure 2 Error 5</p>
    
    <p class='attribute'><strong>Description : </strong> Test report generation using HTMLTestRunner-rv</p>
    
    <p class='attribute'><strong>Tested By : </strong> Unknown</p>
    
</div>
<div>
    <p id='show_detail_line'><b>Show</b>
        <button><a href='javascript:showCase(0)' style="color:#660066;">Summary</a></button>
        <button><a href='javascript:showCase(1)' style="color:#660066;">Failed</a></button>
        <button><a href='javascript:showCase(2)' style="color:#660066;">Passed</a></button>
        <button><a href='javascript:showCase(3)' style="color:#660066;">All</a></button>
    </p>
    <table id='result_table'>
        <colgroup>
            <col align='left'/>
            <col align='right'/>
            <col align='right'/>
            <col align='right'/>
            <col align='right'/>
            <col align='right'/>
        </colgroup>
        <tr id='header_row'>
            <td>Test Group/Test case</td>
            <td>Count</td>
            <td>Pass</td>
            <td>Fail</td>
            <td>Error</td>
            <td>View</td>
        </tr>
        
        <tr class='passClass' style="font-weight:bold;color:white;">
            <td><a href="javascript:showClassDetail('c1','8')">home_test.VerifyPages</a></td>
            <td>8</td>
            <td>8</td>
            <td>0</td>
            <td>0</td>
            <td>
                <button><a href="javascript:showClassDetail('c1','8')"
                           style="color:#660066;">Detail</a></button>
            </td>
        </tr>
            
            <tr id="pt1.1" class='hiddenRow'>
                <td class='passCase'>
                    <div class='testcase'>
                        <a class="popup_link" onfocus='this.blur();'
                           href="javascript:showTestDetail('div_pt1.1')">testExploreMenuGoToMissions: Tests the navigation to the Missions page from the Explore menu and verifies the page title and URL.</a>
                    </div>
                </td>
                <td colspan='5' align='center'>
                    <div>
                        <!--css div popup start-->
                        <button>
                            <a class="popup_link" onfocus='this.blur();'
                               href="javascript:showTestDetail('div_pt1.1')" style="color:#660066;">
                                PASS
                            </a></button>
                        <div id='div_pt1.1' class="popup_window">
                            <div style='text-align: right; color:red;cursor:pointer'>
                                <a onfocus='this.blur();'
                                   onclick="document.getElementById('div_pt1.1').style.display = 'none'; "
                                   style="color:red;">
                                    [x]</a>
                            </div>
                            <pre></pre>
                            <pre style="color: red;"></pre>
                        </div>
                        <!--css div popup end-->
                    </div>
                </td>
            </tr>
            
            <tr id="pt1.2" class='hiddenRow'>
                <td class='passCase'>
                    <div class='testcase'>
                        <a class="popup_link" onfocus='this.blur();'
                           href="javascript:showTestDetail('div_pt1.2')">testExploreMenuGoToUniverse: Tests the navigation to the Universe page from the Explore menu and verifies the page title and URL.</a>
                    </div>
                </td>
                <td colspan='5' align='center'>
                    <div>
                        <!--css div popup start-->
                        <button>
                            <a class="popup_link" onfocus='this.blur();'
                               href="javascript:showTestDetail('div_pt1.2')" style="color:#660066;">
                                PASS
                            </a></button>
                        <div id='div_pt1.2' class="popup_window">
                            <div style='text-align: right; color:red;cursor:pointer'>
                                <a onfocus='this.blur();'
                                   onclick="document.getElementById('div_pt1.2').style.display = 'none'; "
                                   style="color:red;">
                                    [x]</a>
                            </div>
                            <pre></pre>
                            <pre style="color: red;"></pre>
                        </div>
                        <!--css div popup end-->
                    </div>
                </td>
            </tr>
            
            <tr id="pt1.3" class='hiddenRow'>
                <td class='passCase'>
                    <div class='testcase'>
                        <a class="popup_link" onfocus='this.blur();'
                           href="javascript:showTestDetail('div_pt1.3')">testGoToMultimedia: Checks Multimedia navigation menu accuracy</a>
                    </div>
                </td>
                <td colspan='5' align='center'>
                    <div>
                        <!--css div popup start-->
                        <button>
                            <a class="popup_link" onfocus='this.blur();'
                               href="javascript:showTestDetail('div_pt1.3')" style="color:#660066;">
                                PASS
                            </a></button>
                        <div id='div_pt1.3' class="popup_window">
                            <div style='text-align: right; color:red;cursor:pointer'>
                                <a onfocus='this.blur();'
                                   onclick="document.getElementById('div_pt1.3').style.display = 'none'; "
                                   style="color:red;">
                                    [x]</a>
                            </div>
                            <pre></pre>
                            <pre style="color: red;"></pre>
                        </div>
                        <!--css div popup end-->
                    </div>
                </td>
            </tr>
            
            <tr id="pt1.4" class='hiddenRow'>
                <td class='passCase'>
                    <div class='testcase'>
                        <a class="popup_link" onfocus='this.blur();'
                           href="javascript:showTestDetail('div_pt1.4')">testGoToNASAPlus: Checks NASA+ navigation menu accuracy</a>
                    </div>
                </td>
                <td colspan='5' align='center'>
                    <div>
                        <!--css div popup start-->
                        <button>
                            <a class="popup_link" onfocus='this.blur();'
                               href="javascript:showTestDetail('div_pt1.4')" style="color:#660066;">
                                PASS
                            </a></button>
                        <div id='div_pt1.4' class="popup_window">
                            <div style='text-align: right; color:red;cursor:pointer'>
                                <a onfocus='this.blur();'
                                   onclick="document.getElementById('div_pt1.4').style.display = 'none'; "
                                   style="color:red;">
                                    [x]</a>
                            </div>
                            <pre></pre>
                            <pre style="color: red;"></pre>
                        </div>
                        <!--css div popup end-->
                    </div>
                </td>
            </tr>
            
            <tr id="pt1.5" class='hiddenRow'>
                <td class='passCase'>
                    <div class='testcase'>
                        <a class="popup_link" onfocus='this.blur();'
                           href="javascript:showTestDetail('div_pt1.5')">testGoToNews: Checks News & Events navigation menu accuracy</a>
                    </div>
                </td>
                <td colspan='5' align='center'>
                    <div>
                        <!--css div popup start-->
                        <button>
                            <a class="popup_link" onfocus='this.blur();'
                               href="javascript:showTestDetail('div_pt1.5')" style="color:#660066;">
                                PASS
                            </a></button>
                        <div id='div_pt1.5' class="popup_window">
                            <div style='text-align: right; color:red;cursor:pointer'>
                                <a onfocus='this.blur();'
                                   onclick="document.getElementById('div_pt1.5').style.display = 'none'; "
                                   style="color:red;">
                                    [x]</a>
                            </div>
                            <pre></pre>
                            <pre style="color: red;"></pre>
                        </div>
                        <!--css div popup end-->
                    </div>
                </td>
            </tr>
            
            <tr id="pt1.6" class='hiddenRow'>
                <td class='passCase'>
                    <div class='testcase'>
                        <a class="popup_link" onfocus='this.blur();'
                           href="javascript:showTestDetail('div_pt1.6')">testSearchBoxMarsRover: Tests the search functionality by entering "Mars Rover" into the search box and verifying the results.</a>
                    </div>
                </td>
                <td colspan='5' align='center'>
                    <div>
                        <!--css div popup start-->
                        <button>
                            <a class="popup_link" onfocus='this.blur();'
                               href="javascript:showTestDetail('div_pt1.6')" style="color:#660066;">
                                PASS
                            </a></button>
                        <div id='div_pt1.6' class="popup_window">
                            <div style='text-align: right; color:red;cursor:pointer'>
                                <a onfocus='this.blur();'
                                   onclick="document.getElementById('div_pt1.6').style.display = 'none'; "
                                   style="color:red;">
                                    [x]</a>
                            </div>
                            <pre></pre>
                            <pre style="color: red;"></pre>
                        </div>
                        <!--css div popup end-->
                    </div>
                </td>
            </tr>
            
            <tr id="pt1.7" class='hiddenRow'>
                <td class='passCase'>
                    <div class='testcase'>
                        <a class="popup_link" onfocus='this.blur();'
                           href="javascript:showTestDetail('div_pt1.7')">testSearchBoxVenus: Tests the search functionality by entering "Venus" into the search box and verifying the results.</a>
                    </div>
                </td>
                <td colspan='5' align='center'>
                    <div>
                        <!--css div popup start-->
                        <button>
                            <a class="popup_link" onfocus='this.blur();'
                               href="javascript:showTestDetail('div_pt1.7')" style="color:#660066;">
                                PASS
                            </a></button>
                        <div id='div_pt1.7' class="popup_window">
                            <div style='text-align: right; color:red;cursor:pointer'>
                                <a onfocus='this.blur();'
                                   onclick="document.getElementById('div_pt1.7').style.display = 'none'; "
                                   style="color:red;">
                                    [x]</a>
                            </div>
                            <pre></pre>
                            <pre style="color: red;"></pre>
                        </div>
                        <!--css div popup end-->
                    </div>
                </td>
            </tr>
            
            <tr id="pt1.8" class='hiddenRow'>
                <td class='passCase'>
                    <div class='testcase'>
                        <a class="popup_link" onfocus='this.blur();'
                           href="javascript:showTestDetail('div_pt1.8')">testValidPage: Verifies the page title</a>
                    </div>
                </td>
                <td colspan='5' align='center'>
                    <div>
                        <!--css div popup start-->
                        <button>
                            <a class="popup_link" onfocus='this.blur();'
                               href="javascript:showTestDetail('div_pt1.8')" style="color:#660066;">
                                PASS
                            </a></button>
                        <div id='div_pt1.8' class="popup_window">
                            <div style='text-align: right; color:red;cursor:pointer'>
                                <a onfocus='this.blur();'
                                   onclick="document.getElementById('div_pt1.8').style.display = 'none'; "
                                   style="color:red;">
                                    [x]</a>
                            </div>
                            <pre></pre>
                            <pre style="color: red;"></pre>
                        </div>
                        <!--css div popup end-->
                    </div>
                </td>
            </tr>
            
        
        <tr class='errorClass' style="font-weight:bold;color:white;">
            <td><a href="javascript:showClassDetail('c2','4')">multi_test.MultiPageTests</a></td>
            <td>4</td>
            <td>1</td>
            <td>2</td>
            <td>1</td>
            <td>
                <button><a href="javascript:showClassDetail('c2','4')"
                           style="color:#660066;">Detail</a></button>
            </td>
        </tr>
            
            <tr id="ft2.1" class='none'>
                <td class='failCase'>
                    <div class='testcase'>
                        <a class="popup_link" onfocus='this.blur();'
                           href="javascript:showTestDetail('div_ft2.1')">testGoToImageGallery: Checks Image Gallery navigation menu accuracy and ensures its content is loaded and accurate</a>
                    </div>
                </td>
                <td colspan='5' align='center'>
                    <div>
                        <!--css div popup start-->
                        <button>
                            <a class="popup_link" onfocus='this.blur();'
                               href="javascript:showTestDetail('div_ft2.1')" style="color:#660066;">
                                FAIL
                            </a></button>
                        <div id='div_ft2.1' class="popup_window">
                            <div style='text-align: right; color:red;cursor:pointer'>
                                <a onfocus='this.blur();'
                                   onclick="document.getElementById('div_ft2.1').style.display = 'none'; "
                                   style="color:red;">
                                    [x]</a>
                            </div>
                            <pre></pre>
                            <pre style="color: red;">Traceback (most recent call last):
  File "/Users/ruby/NASA_Automated_Tests/Tests/multi_test.py", line 38, in testGoToImageGallery
    self.assertIn("nasa images", self.driver.title.lower(), "Failed to navigate to Image Gallery page")
AssertionError: 'nasa images' not found in 'multimedia - nasa' : Failed to navigate to Image Gallery page
</pre>
                        </div>
                        <!--css div popup end-->
                    </div>
                </td>
            </tr>
            
            <tr id="ft2.2" class='none'>
                <td class='errorCase'>
                    <div class='testcase'>
                        <a class="popup_link" onfocus='this.blur();'
                           href="javascript:showTestDetail('div_ft2.2')">testGoToNasaLive: Checks NASA Live navigation menu accuracy and ensures its content is loaded and accurate</a>
                    </div>
                </td>
                <td colspan='5' align='center'>
                    <div>
                        <!--css div popup start-->
                        <button>
                            <a class="popup_link" onfocus='this.blur();'
                               href="javascript:showTestDetail('div_ft2.2')" style="color:#660066;">
                                ERROR
                            </a></button>
                        <div id='div_ft2.2' class="popup_window">
                            <div style='text-align: right; color:red;cursor:pointer'>
                                <a onfocus='this.blur();'
                                   onclick="document.getElementById('div_ft2.2').style.display = 'none'; "
                                   style="color:red;">
                                    [x]</a>
                            </div>
                            <pre></pre>
                            <pre style="color: red;">Traceback (most recent call last):
  File "/Users/ruby/NASA_Automated_Tests/Tests/multi_test.py", line 25, in testGoToNasaLive
    self.multi_page.click_nasa_live()
  File "/Users/ruby/NASA_Automated_Tests/Pages/multi_page.py", line 43, in click_nasa_live
    self.driver.find_element(*MultiPageLocators.YT_REJECT_COOKIES).click()
  File "/Users/ruby/NASA_Automated_Tests/venv/lib/python3.10/site-packages/selenium/webdriver/remote/webdriver.py", line 898, in find_element
    return self.execute(Command.FIND_ELEMENT, {"using": by, "value": value})["value"]
  File "/Users/ruby/NASA_Automated_Tests/venv/lib/python3.10/site-packages/selenium/webdriver/remote/webdriver.py", line 429, in execute
    self.error_handler.check_response(response)
  File "/Users/ruby/NASA_Automated_Tests/venv/lib/python3.10/site-packages/selenium/webdriver/remote/errorhandler.py", line 232, in check_response
    raise exception_class(message, screen, stacktrace)
selenium.common.exceptions.NoSuchElementException: Message: no such element: Unable to locate element: {"method":"xpath","selector":"//div[1]/form[1]/div/div/button"}
  (Session info: chrome=138.0.7204.50); For documentation on this error, please visit: https://www.selenium.dev/documentation/webdriver/troubleshooting/errors#no-such-element-exception
Stacktrace:
0   chromedriver                        0x000000010c893328 chromedriver + 6148904
1   chromedriver                        0x000000010c88a8da chromedriver + 6113498
2   chromedriver                        0x000000010c31be10 chromedriver + 417296
3   chromedriver                        0x000000010c36dc94 chromedriver + 752788
4   chromedriver                        0x000000010c36deb1 chromedriver + 753329
5   chromedriver                        0x000000010c3bddd4 chromedriver + 1080788
6   chromedriver                        0x000000010c393ced chromedriver + 908525
7   chromedriver                        0x000000010c3bb18c chromedriver + 1069452
8   chromedriver                        0x000000010c393a93 chromedriver + 907923
9   chromedriver                        0x000000010c3600f7 chromedriver + 696567
10  chromedriver                        0x000000010c360d61 chromedriver + 699745
11  chromedriver                        0x000000010c850270 chromedriver + 5874288
12  chromedriver                        0x000000010c8542a9 chromedriver + 5890729
13  chromedriver                        0x000000010c82c042 chromedriver + 5726274
14  chromedriver                        0x000000010c854c1f chromedriver + 5893151
15  chromedriver                        0x000000010c81ad34 chromedriver + 5655860
16  chromedriver                        0x000000010c877e08 chromedriver + 6037000
17  chromedriver                        0x000000010c877fd0 chromedriver + 6037456
18  chromedriver                        0x000000010c88a471 chromedriver + 6112369
19  libsystem_pthread.dylib             0x00007ff8119e01d3 _pthread_start + 125
20  libsystem_pthread.dylib             0x00007ff8119dbbd3 thread_start + 15

</pre>
                        </div>
                        <!--css div popup end-->
                    </div>
                </td>
            </tr>
            
            <tr id="pt2.3" class='hiddenRow'>
                <td class='passCase'>
                    <div class='testcase'>
                        <a class="popup_link" onfocus='this.blur();'
                           href="javascript:showTestDetail('div_pt2.3')">testGoToNasaPlus: Checks NASA+ navigation menu accuracy</a>
                    </div>
                </td>
                <td colspan='5' align='center'>
                    <div>
                        <!--css div popup start-->
                        <button>
                            <a class="popup_link" onfocus='this.blur();'
                               href="javascript:showTestDetail('div_pt2.3')" style="color:#660066;">
                                PASS
                            </a></button>
                        <div id='div_pt2.3' class="popup_window">
                            <div style='text-align: right; color:red;cursor:pointer'>
                                <a onfocus='this.blur();'
                                   onclick="document.getElementById('div_pt2.3').style.display = 'none'; "
                                   style="color:red;">
                                    [x]</a>
                            </div>
                            <pre></pre>
                            <pre style="color: red;"></pre>
                        </div>
                        <!--css div popup end-->
                    </div>
                </td>
            </tr>
            
            <tr id="ft2.4" class='none'>
                <td class='failCase'>
                    <div class='testcase'>
                        <a class="popup_link" onfocus='this.blur();'
                           href="javascript:showTestDetail('div_ft2.4')">testGoToPodcasts: Checks Podcasts navigation menu accuracy and ensures its content is loaded and accurate</a>
                    </div>
                </td>
                <td colspan='5' align='center'>
                    <div>
                        <!--css div popup start-->
                        <button>
                            <a class="popup_link" onfocus='this.blur();'
                               href="javascript:showTestDetail('div_ft2.4')" style="color:#660066;">
                                FAIL
                            </a></button>
                        <div id='div_ft2.4' class="popup_window">
                            <div style='text-align: right; color:red;cursor:pointer'>
                                <a onfocus='this.blur();'
                                   onclick="document.getElementById('div_ft2.4').style.display = 'none'; "
                                   style="color:red;">
                                    [x]</a>
                            </div>
                            <pre></pre>
                            <pre style="color: red;">Traceback (most recent call last):
  File "/Users/ruby/NASA_Automated_Tests/Tests/multi_test.py", line 46, in testGoToPodcasts
    self.assertIn("podcasts", self.driver.title.lower(), "Failed to navigate to Podcasts page")
AssertionError: 'podcasts' not found in 'multimedia - nasa' : Failed to navigate to Podcasts page
</pre>
                        </div>
                        <!--css div popup end-->
                    </div>
                </td>
            </tr>
            
        
        <tr class='errorClass' style="font-weight:bold;color:white;">
            <td><a href="javascript:showClassDetail('c3','4')">news_test.NewsPageTest</a></td>
            <td>4</td>
            <td>0</td>
            <td>0</td>
            <td>4</td>
            <td>
                <button><a href="javascript:showClassDetail('c3','4')"
                           style="color:#660066;">Detail</a></button>
            </td>
        </tr>
            
            <tr id="ft3.1" class='none'>
                <td class='errorCase'>
                    <div class='testcase'>
                        <a class="popup_link" onfocus='this.blur();'
                           href="javascript:showTestDetail('div_ft3.1')">testVerifyNewsPanel1: Checks Panel 1 of News, determines its type (News Release/ Blog) and verifies its URL accuracy, article title, image and content</a>
                    </div>
                </td>
                <td colspan='5' align='center'>
                    <div>
                        <!--css div popup start-->
                        <button>
                            <a class="popup_link" onfocus='this.blur();'
                               href="javascript:showTestDetail('div_ft3.1')" style="color:#660066;">
                                ERROR
                            </a></button>
                        <div id='div_ft3.1' class="popup_window">
                            <div style='text-align: right; color:red;cursor:pointer'>
                                <a onfocus='this.blur();'
                                   onclick="document.getElementById('div_ft3.1').style.display = 'none'; "
                                   style="color:red;">
                                    [x]</a>
                            </div>
                            <pre></pre>
                            <pre style="color: red;">Traceback (most recent call last):
  File "/Users/ruby/NASA_Automated_Tests/Tests/news_test.py", line 26, in testVerifyNewsPanel1
    self.news_page.click_news1()
  File "/Users/ruby/NASA_Automated_Tests/Pages/news_page.py", line 72, in click_news1
    self.driver.find_element(*NewsPageLocators.NEWS1_PANEL).click()
  File "/Users/ruby/NASA_Automated_Tests/venv/lib/python3.10/site-packages/selenium/webdriver/remote/webelement.py", line 119, in click
    self._execute(Command.CLICK_ELEMENT)
  File "/Users/ruby/NASA_Automated_Tests/venv/lib/python3.10/site-packages/selenium/webdriver/remote/webelement.py", line 572, in _execute
    return self._parent.execute(command, params)
  File "/Users/ruby/NASA_Automated_Tests/venv/lib/python3.10/site-packages/selenium/webdriver/remote/webdriver.py", line 429, in execute
    self.error_handler.check_response(response)
  File "/Users/ruby/NASA_Automated_Tests/venv/lib/python3.10/site-packages/selenium/webdriver/remote/errorhandler.py", line 232, in check_response
    raise exception_class(message, screen, stacktrace)
selenium.common.exceptions.ElementClickInterceptedException: Message: element click intercepted: Element is not clickable at point (504, 1175)
  (Session info: chrome=138.0.7204.50)
Stacktrace:
0   chromedriver                        0x00000001054b7328 chromedriver + 6148904
1   chromedriver                        0x00000001054ae8da chromedriver + 6113498
2   chromedriver                        0x0000000104f3fe10 chromedriver + 417296
3   chromedriver                        0x0000000104f98b20 chromedriver + 781088
4   chromedriver                        0x0000000104f9697b chromedriver + 772475
5   chromedriver                        0x0000000104f94012 chromedriver + 761874
6   chromedriver                        0x0000000104f93730 chromedriver + 759600
7   chromedriver                        0x0000000104f85eca chromedriver + 704202
8   chromedriver                        0x0000000104fb7cc2 chromedriver + 908482
9   chromedriver                        0x0000000104f85848 chromedriver + 702536
10  chromedriver                        0x0000000104fb7e7e chromedriver + 908926
11  chromedriver                        0x0000000104fdf18c chromedriver + 1069452
12  chromedriver                        0x0000000104fb7a93 chromedriver + 907923
13  chromedriver                        0x0000000104f840f7 chromedriver + 696567
14  chromedriver                        0x0000000104f84d61 chromedriver + 699745
15  chromedriver                        0x0000000105474270 chromedriver + 5874288
16  chromedriver                        0x00000001054782a9 chromedriver + 5890729
17  chromedriver                        0x0000000105450042 chromedriver + 5726274
18  chromedriver                        0x0000000105478c1f chromedriver + 5893151
19  chromedriver                        0x000000010543ed34 chromedriver + 5655860
20  chromedriver                        0x000000010549be08 chromedriver + 6037000
21  chromedriver                        0x000000010549bfd0 chromedriver + 6037456
22  chromedriver                        0x00000001054ae471 chromedriver + 6112369
23  libsystem_pthread.dylib             0x00007ff8119e01d3 _pthread_start + 125
24  libsystem_pthread.dylib             0x00007ff8119dbbd3 thread_start + 15

</pre>
                        </div>
                        <!--css div popup end-->
                    </div>
                </td>
            </tr>
            
            <tr id="ft3.2" class='none'>
                <td class='errorCase'>
                    <div class='testcase'>
                        <a class="popup_link" onfocus='this.blur();'
                           href="javascript:showTestDetail('div_ft3.2')">testVerifyNewsPanel2: Checks Panel 2 of News, determines its type (News Release/ Blog) and verifies its URL accuracy, article title, image and content</a>
                    </div>
                </td>
                <td colspan='5' align='center'>
                    <div>
                        <!--css div popup start-->
                        <button>
                            <a class="popup_link" onfocus='this.blur();'
                               href="javascript:showTestDetail('div_ft3.2')" style="color:#660066;">
                                ERROR
                            </a></button>
                        <div id='div_ft3.2' class="popup_window">
                            <div style='text-align: right; color:red;cursor:pointer'>
                                <a onfocus='this.blur();'
                                   onclick="document.getElementById('div_ft3.2').style.display = 'none'; "
                                   style="color:red;">
                                    [x]</a>
                            </div>
                            <pre></pre>
                            <pre style="color: red;">Traceback (most recent call last):
  File "/Users/ruby/NASA_Automated_Tests/Tests/news_test.py", line 55, in testVerifyNewsPanel2
    self.news_page.click_news2()
  File "/Users/ruby/NASA_Automated_Tests/Pages/news_page.py", line 75, in click_news2
    self.driver.find_element(*NewsPageLocators.NEWS2_PANEL).click()
  File "/Users/ruby/NASA_Automated_Tests/venv/lib/python3.10/site-packages/selenium/webdriver/remote/webelement.py", line 119, in click
    self._execute(Command.CLICK_ELEMENT)
  File "/Users/ruby/NASA_Automated_Tests/venv/lib/python3.10/site-packages/selenium/webdriver/remote/webelement.py", line 572, in _execute
    return self._parent.execute(command, params)
  File "/Users/ruby/NASA_Automated_Tests/venv/lib/python3.10/site-packages/selenium/webdriver/remote/webdriver.py", line 429, in execute
    self.error_handler.check_response(response)
  File "/Users/ruby/NASA_Automated_Tests/venv/lib/python3.10/site-packages/selenium/webdriver/remote/errorhandler.py", line 232, in check_response
    raise exception_class(message, screen, stacktrace)
selenium.common.exceptions.ElementClickInterceptedException: Message: element click intercepted: Element is not clickable at point (1004, 1175)
  (Session info: chrome=138.0.7204.50)
Stacktrace:
0   chromedriver                        0x000000010e661328 chromedriver + 6148904
1   chromedriver                        0x000000010e6588da chromedriver + 6113498
2   chromedriver                        0x000000010e0e9e10 chromedriver + 417296
3   chromedriver                        0x000000010e142b20 chromedriver + 781088
4   chromedriver                        0x000000010e14097b chromedriver + 772475
5   chromedriver                        0x000000010e13e012 chromedriver + 761874
6   chromedriver                        0x000000010e13d730 chromedriver + 759600
7   chromedriver                        0x000000010e12feca chromedriver + 704202
8   chromedriver                        0x000000010e161cc2 chromedriver + 908482
9   chromedriver                        0x000000010e12f848 chromedriver + 702536
10  chromedriver                        0x000000010e161e7e chromedriver + 908926
11  chromedriver                        0x000000010e18918c chromedriver + 1069452
12  chromedriver                        0x000000010e161a93 chromedriver + 907923
13  chromedriver                        0x000000010e12e0f7 chromedriver + 696567
14  chromedriver                        0x000000010e12ed61 chromedriver + 699745
15  chromedriver                        0x000000010e61e270 chromedriver + 5874288
16  chromedriver                        0x000000010e6222a9 chromedriver + 5890729
17  chromedriver                        0x000000010e5fa042 chromedriver + 5726274
18  chromedriver                        0x000000010e622c1f chromedriver + 5893151
19  chromedriver                        0x000000010e5e8d34 chromedriver + 5655860
20  chromedriver                        0x000000010e645e08 chromedriver + 6037000
21  chromedriver                        0x000000010e645fd0 chromedriver + 6037456
22  chromedriver                        0x000000010e658471 chromedriver + 6112369
23  libsystem_pthread.dylib             0x00007ff8119e01d3 _pthread_start + 125
24  libsystem_pthread.dylib             0x00007ff8119dbbd3 thread_start + 15

</pre>
                        </div>
                        <!--css div popup end-->
                    </div>
                </td>
            </tr>
            
            <tr id="ft3.3" class='none'>
                <td class='errorCase'>
                    <div class='testcase'>
                        <a class="popup_link" onfocus='this.blur();'
                           href="javascript:showTestDetail('div_ft3.3')">testVerifyNewsPanel3: Checks Panel 3 of News, determines its type (News Release/ Blog) and verifies its URL accuracy, article title, image and content</a>
                    </div>
                </td>
                <td colspan='5' align='center'>
                    <div>
                        <!--css div popup start-->
                        <button>
                            <a class="popup_link" onfocus='this.blur();'
                               href="javascript:showTestDetail('div_ft3.3')" style="color:#660066;">
                                ERROR
                            </a></button>
                        <div id='div_ft3.3' class="popup_window">
                            <div style='text-align: right; color:red;cursor:pointer'>
                                <a onfocus='this.blur();'
                                   onclick="document.getElementById('div_ft3.3').style.display = 'none'; "
                                   style="color:red;">
                                    [x]</a>
                            </div>
                            <pre></pre>
                            <pre style="color: red;">Traceback (most recent call last):
  File "/Users/ruby/NASA_Automated_Tests/Tests/news_test.py", line 84, in testVerifyNewsPanel3
    self.news_page.click_news3()
  File "/Users/ruby/NASA_Automated_Tests/Pages/news_page.py", line 78, in click_news3
    self.driver.find_element(*NewsPageLocators.NEWS3_PANEL).click()
  File "/Users/ruby/NASA_Automated_Tests/venv/lib/python3.10/site-packages/selenium/webdriver/remote/webelement.py", line 119, in click
    self._execute(Command.CLICK_ELEMENT)
  File "/Users/ruby/NASA_Automated_Tests/venv/lib/python3.10/site-packages/selenium/webdriver/remote/webelement.py", line 572, in _execute
    return self._parent.execute(command, params)
  File "/Users/ruby/NASA_Automated_Tests/venv/lib/python3.10/site-packages/selenium/webdriver/remote/webdriver.py", line 429, in execute
    self.error_handler.check_response(response)
  File "/Users/ruby/NASA_Automated_Tests/venv/lib/python3.10/site-packages/selenium/webdriver/remote/errorhandler.py", line 232, in check_response
    raise exception_class(message, screen, stacktrace)
selenium.common.exceptions.ElementClickInterceptedException: Message: element click intercepted: Element is not clickable at point (1324, 1069)
  (Session info: chrome=138.0.7204.50)
Stacktrace:
0   chromedriver                        0x0000000101713328 chromedriver + 6148904
1   chromedriver                        0x000000010170a8da chromedriver + 6113498
2   chromedriver                        0x000000010119be10 chromedriver + 417296
3   chromedriver                        0x00000001011f4b20 chromedriver + 781088
4   chromedriver                        0x00000001011f297b chromedriver + 772475
5   chromedriver                        0x00000001011f0012 chromedriver + 761874
6   chromedriver                        0x00000001011ef730 chromedriver + 759600
7   chromedriver                        0x00000001011e1eca chromedriver + 704202
8   chromedriver                        0x0000000101213cc2 chromedriver + 908482
9   chromedriver                        0x00000001011e1848 chromedriver + 702536
10  chromedriver                        0x0000000101213e7e chromedriver + 908926
11  chromedriver                        0x000000010123b18c chromedriver + 1069452
12  chromedriver                        0x0000000101213a93 chromedriver + 907923
13  chromedriver                        0x00000001011e00f7 chromedriver + 696567
14  chromedriver                        0x00000001011e0d61 chromedriver + 699745
15  chromedriver                        0x00000001016d0270 chromedriver + 5874288
16  chromedriver                        0x00000001016d42a9 chromedriver + 5890729
17  chromedriver                        0x00000001016ac042 chromedriver + 5726274
18  chromedriver                        0x00000001016d4c1f chromedriver + 5893151
19  chromedriver                        0x000000010169ad34 chromedriver + 5655860
20  chromedriver                        0x00000001016f7e08 chromedriver + 6037000
21  chromedriver                        0x00000001016f7fd0 chromedriver + 6037456
22  chromedriver                        0x000000010170a471 chromedriver + 6112369
23  libsystem_pthread.dylib             0x00007ff8119e01d3 _pthread_start + 125
24  libsystem_pthread.dylib             0x00007ff8119dbbd3 thread_start + 15

</pre>
                        </div>
                        <!--css div popup end-->
                    </div>
                </td>
            </tr>
            
            <tr id="ft3.4" class='none'>
                <td class='errorCase'>
                    <div class='testcase'>
                        <a class="popup_link" onfocus='this.blur();'
                           href="javascript:showTestDetail('div_ft3.4')">testVerifyNewsPanel4: Checks Panel 4 of News, determines its type (News Release/ Blog) and verifies its URL accuracy, article title, image and content</a>
                    </div>
                </td>
                <td colspan='5' align='center'>
                    <div>
                        <!--css div popup start-->
                        <button>
                            <a class="popup_link" onfocus='this.blur();'
                               href="javascript:showTestDetail('div_ft3.4')" style="color:#660066;">
                                ERROR
                            </a></button>
                        <div id='div_ft3.4' class="popup_window">
                            <div style='text-align: right; color:red;cursor:pointer'>
                                <a onfocus='this.blur();'
                                   onclick="document.getElementById('div_ft3.4').style.display = 'none'; "
                                   style="color:red;">
                                    [x]</a>
                            </div>
                            <pre></pre>
                            <pre style="color: red;">Traceback (most recent call last):
  File "/Users/ruby/NASA_Automated_Tests/Tests/news_test.py", line 113, in testVerifyNewsPanel4
    self.news_page.click_news4()
  File "/Users/ruby/NASA_Automated_Tests/Pages/news_page.py", line 81, in click_news4
    self.driver.find_element(*NewsPageLocators.NEWS4_PANEL).click()
  File "/Users/ruby/NASA_Automated_Tests/venv/lib/python3.10/site-packages/selenium/webdriver/remote/webelement.py", line 119, in click
    self._execute(Command.CLICK_ELEMENT)
  File "/Users/ruby/NASA_Automated_Tests/venv/lib/python3.10/site-packages/selenium/webdriver/remote/webelement.py", line 572, in _execute
    return self._parent.execute(command, params)
  File "/Users/ruby/NASA_Automated_Tests/venv/lib/python3.10/site-packages/selenium/webdriver/remote/webdriver.py", line 429, in execute
    self.error_handler.check_response(response)
  File "/Users/ruby/NASA_Automated_Tests/venv/lib/python3.10/site-packages/selenium/webdriver/remote/errorhandler.py", line 232, in check_response
    raise exception_class(message, screen, stacktrace)
selenium.common.exceptions.ElementClickInterceptedException: Message: element click intercepted: Element is not clickable at point (1324, 1282)
  (Session info: chrome=138.0.7204.50)
Stacktrace:
0   chromedriver                        0x00000001094b4328 chromedriver + 6148904
1   chromedriver                        0x00000001094ab8da chromedriver + 6113498
2   chromedriver                        0x0000000108f3ce10 chromedriver + 417296
3   chromedriver                        0x0000000108f95b20 chromedriver + 781088
4   chromedriver                        0x0000000108f9397b chromedriver + 772475
5   chromedriver                        0x0000000108f91012 chromedriver + 761874
6   chromedriver                        0x0000000108f90730 chromedriver + 759600
7   chromedriver                        0x0000000108f82eca chromedriver + 704202
8   chromedriver                        0x0000000108fb4cc2 chromedriver + 908482
9   chromedriver                        0x0000000108f82848 chromedriver + 702536
10  chromedriver                        0x0000000108fb4e7e chromedriver + 908926
11  chromedriver                        0x0000000108fdc18c chromedriver + 1069452
12  chromedriver                        0x0000000108fb4a93 chromedriver + 907923
13  chromedriver                        0x0000000108f810f7 chromedriver + 696567
14  chromedriver                        0x0000000108f81d61 chromedriver + 699745
15  chromedriver                        0x0000000109471270 chromedriver + 5874288
16  chromedriver                        0x00000001094752a9 chromedriver + 5890729
17  chromedriver                        0x000000010944d042 chromedriver + 5726274
18  chromedriver                        0x0000000109475c1f chromedriver + 5893151
19  chromedriver                        0x000000010943bd34 chromedriver + 5655860
20  chromedriver                        0x0000000109498e08 chromedriver + 6037000
21  chromedriver                        0x0000000109498fd0 chromedriver + 6037456
22  chromedriver                        0x00000001094ab471 chromedriver + 6112369
23  libsystem_pthread.dylib             0x00007ff8119e01d3 _pthread_start + 125
24  libsystem_pthread.dylib             0x00007ff8119dbbd3 thread_start + 15

</pre>
                        </div>
                        <!--css div popup end-->
                    </div>
                </td>
            </tr>
            
        

        <tr id='total_row'>
            <td>Total</td>
            <td>16</td>
            <td>9</td>
            <td>2</td>
            <td>5</td>
            <td>&nbsp;</td>
        </tr>
    </table>
</div>
<br><br>
<div id='ending'><b>Time Elapsed: </b>0:03:21.954140</div>
</body>
</html>